[12:44:40] [Client thread/INFO]: Setting user: Player239
[12:44:45] [Client thread/WARN]: Skipping bad option: lastServer:
[12:44:45] [Client thread/INFO]: LWJGL Version: 2.9.4
[12:44:51] [Client thread/INFO]: [STDOUT]: ---- Minecraft Crash Report ----
// Ooh. Shiny.

Time: 4/27/17 12:44 PM
Description: Loading screen debug info

This is just a prompt for computer specs to be printed. THIS IS NOT A ERROR


A detailed walkthrough of the error, its code path and all known details is as follows:
---------------------------------------------------------------------------------------

-- System Details --
Details:
	Minecraft Version: 1.11.2
	Operating System: Windows 10 (amd64) version 10.0
	Java Version: 1.8.0_121, Oracle Corporation
	Java VM Version: Java HotSpot(TM) 64-Bit Server VM (mixed mode), Oracle Corporation
	Memory: 749237280 bytes (714 MB) / 1037959168 bytes (989 MB) up to 1037959168 bytes (989 MB)
	JVM Flags: 3 total; -Xincgc -Xmx1024M -Xms1024M
	IntCache: cache: 0, tcache: 0, allocated: 0, tallocated: 0
	FML: 
	Loaded coremods (and transformers): 
	GL info: ' Vendor: 'NVIDIA Corporation' Version: '4.5.0 NVIDIA 378.78' Renderer: 'GeForce GTX 960/PCIe/SSE2'
[12:44:58] [Client thread/INFO]: Reloading ResourceManager: Default, FMLFileResourcePack:Forge Mod Loader, FMLFileResourcePack:Minecraft Forge, FMLFileResourcePack:Example Mod, FMLFileResourcePack:Game Engines Final Project
[12:44:58] [Client thread/INFO]: [STDOUT]: Building Game Engines: Final Project: PRE-INIT
[12:45:32] [Sound Library Loader/INFO]: Starting up SoundSystem...
[12:45:32] [Thread-8/INFO]: Initializing LWJGL OpenAL
[12:45:32] [Thread-8/INFO]: (The LWJGL binding of OpenAL.  For more information, see http://www.lwjgl.org)
[12:45:32] [Thread-8/INFO]: OpenAL initialized.
[12:45:32] [Sound Library Loader/INFO]: Sound engine started
[12:45:37] [Client thread/INFO]: Created: 16x16 textures-atlas
[12:45:38] [Client thread/INFO]: [STDOUT]: DIRT BLOCK >> tile.dirt
[12:45:38] [Client thread/INFO]: [STDOUT]: Building Game Engines: Final Project: INIT
[12:45:38] [Client thread/INFO]: [STDOUT]: cs4850_project_mod:cheese
[12:45:38] [Client thread/INFO]: [STDOUT]: cs4850_project_mod:magic_stick
[12:45:38] [Client thread/INFO]: [STDOUT]: cs4850_project_mod:bomb
[12:45:38] [Client thread/INFO]: [STDOUT]: cs4850_project_mod:mcbowl
[12:45:38] [Client thread/INFO]: [STDOUT]: cs4850_project_mod:cheese_block
[12:45:38] [Client thread/INFO]: [STDOUT]: Building Game Engines: Final Project: POST-INIT
[12:45:38] [Client thread/INFO]: Reloading ResourceManager: Default, FMLFileResourcePack:Forge Mod Loader, FMLFileResourcePack:Minecraft Forge, FMLFileResourcePack:Example Mod, FMLFileResourcePack:Game Engines Final Project
[12:45:41] [Client thread/INFO]: SoundSystem shutting down...
[12:45:42] [Client thread/WARN]: Author: Paul Lamb, www.paulscode.com
[12:45:42] [Sound Library Loader/INFO]: Starting up SoundSystem...
[12:45:42] [Thread-10/INFO]: Initializing LWJGL OpenAL
[12:45:42] [Thread-10/INFO]: (The LWJGL binding of OpenAL.  For more information, see http://www.lwjgl.org)
[12:45:42] [Thread-10/INFO]: OpenAL initialized.
[12:45:42] [Sound Library Loader/INFO]: Sound engine started
[12:45:47] [Client thread/WARN]: Texture cs4850_project_mod:textures/items/bomb.png with size 21x21 will have visual artifacts at mip level 4, it can only support level 0. Please report to the mod author that the texture should be some multiple of 16x16.
[12:45:47] [Client thread/INFO]: Created: 512x512 textures-atlas
[12:45:48] [Client thread/WARN]: Skipping bad option: lastServer:
[12:45:49] [Realms Notification Availability checker #1/INFO]: Could not authorize you against Realms server: Invalid session id
[12:45:54] [Server thread/INFO]: Starting integrated minecraft server version 1.11.2
[12:45:54] [Server thread/INFO]: Generating keypair
[12:45:54] [Server thread/INFO]: Preparing start region for level 0
[12:45:55] [Server thread/INFO]: Preparing spawn area: 19%
[12:45:55] [Server thread/WARN]: Keeping entity minecraft:rabbit that already exists with UUID 5b26a5d8-4828-49e5-a1e6-dd4b783a2aff
[12:45:56] [Server thread/WARN]: Keeping entity minecraft:rabbit that already exists with UUID 36342fd3-971e-4f5a-a267-b125a49e120a
[12:45:56] [Server thread/WARN]: Keeping entity minecraft:chicken that already exists with UUID 399a869e-11f7-402e-b446-4ab5c205e3fd
[12:45:56] [Server thread/INFO]: Changing view distance to 12, from 10
[12:45:58] [Server thread/INFO]: Player239[local:E:b59aeab4] logged in with entity id 278 at (175.24852324545535, 71.0, -164.77212320553858)
[12:45:58] [Server thread/INFO]: Player239 joined the game
[12:45:58] [Server thread/INFO]: Saving and pausing game...
[12:45:59] [Server thread/INFO]: Saving chunks for level 'New World'/Overworld
[12:45:59] [Server thread/INFO]: Saving chunks for level 'New World'/Nether
[12:45:59] [Server thread/INFO]: Saving chunks for level 'New World'/The End
[12:45:59] [pool-2-thread-1/WARN]: Couldn't look up profile properties for com.mojang.authlib.GameProfile@61edf30d[id=75e52373-1963-3666-bda9-8904d639e38b,name=Player239,properties={},legacy=false]
com.mojang.authlib.exceptions.AuthenticationException: The client has sent too many requests within a certain amount of time
	at com.mojang.authlib.yggdrasil.YggdrasilAuthenticationService.makeRequest(YggdrasilAuthenticationService.java:79) ~[YggdrasilAuthenticationService.class:?]
	at com.mojang.authlib.yggdrasil.YggdrasilMinecraftSessionService.fillGameProfile(YggdrasilMinecraftSessionService.java:180) [YggdrasilMinecraftSessionService.class:?]
	at com.mojang.authlib.yggdrasil.YggdrasilMinecraftSessionService$1.load(YggdrasilMinecraftSessionService.java:60) [YggdrasilMinecraftSessionService$1.class:?]
	at com.mojang.authlib.yggdrasil.YggdrasilMinecraftSessionService$1.load(YggdrasilMinecraftSessionService.java:57) [YggdrasilMinecraftSessionService$1.class:?]
	at com.google.common.cache.LocalCache$LoadingValueReference.loadFuture(LocalCache.java:3524) [guava-17.0.jar:?]
	at com.google.common.cache.LocalCache$Segment.loadSync(LocalCache.java:2317) [guava-17.0.jar:?]
	at com.google.common.cache.LocalCache$Segment.lockedGetOrLoad(LocalCache.java:2280) [guava-17.0.jar:?]
	at com.google.common.cache.LocalCache$Segment.get(LocalCache.java:2195) [guava-17.0.jar:?]
	at com.google.common.cache.LocalCache.get(LocalCache.java:3934) [guava-17.0.jar:?]
	at com.google.common.cache.LocalCache.getOrLoad(LocalCache.java:3938) [guava-17.0.jar:?]
	at com.google.common.cache.LocalCache$LocalLoadingCache.get(LocalCache.java:4821) [guava-17.0.jar:?]
	at com.google.common.cache.LocalCache$LocalLoadingCache.getUnchecked(LocalCache.java:4827) [guava-17.0.jar:?]
	at com.mojang.authlib.yggdrasil.YggdrasilMinecraftSessionService.fillProfileProperties(YggdrasilMinecraftSessionService.java:170) [YggdrasilMinecraftSessionService.class:?]
	at net.minecraft.client.Minecraft.getProfileProperties(Minecraft.java:3056) [Minecraft.class:?]
	at net.minecraft.client.resources.SkinManager$3.run(SkinManager.java:138) [SkinManager$3.class:?]
	at java.util.concurrent.Executors$RunnableAdapter.call(Unknown Source) [?:1.8.0_121]
	at java.util.concurrent.FutureTask.run(Unknown Source) [?:1.8.0_121]
	at java.util.concurrent.ThreadPoolExecutor.runWorker(Unknown Source) [?:1.8.0_121]
	at java.util.concurrent.ThreadPoolExecutor$Worker.run(Unknown Source) [?:1.8.0_121]
	at java.lang.Thread.run(Unknown Source) [?:1.8.0_121]
[12:46:04] [Client thread/INFO]: [CHAT] First Position = X: 180.0 Y: 70.0 Z: -163.0
[12:46:05] [Client thread/INFO]: [CHAT] Second Position = X: 182.0 Y: 69.0 Z: -164.0
[12:46:05] [Client thread/INFO]: [CHAT] Mining Blocks
[12:47:03] [Client thread/INFO]: Setting user: Player68
